-------------------------------------------------------------------------------
Test set: SampleTest
-------------------------------------------------------------------------------
Tests run: 1, Failures: 1, Errors: 0, Skipped: 0, Time elapsed: 27.113 s <<< FAILURE! - in SampleTest
SampleTest.Demo_Patient_login  Time elapsed: 21.597 s  <<< FAILURE!
java.lang.AssertionError: expected [plz enter valid user name and password] but found []
	at SampleTest.Demo_Patient_login(SampleTest.java:109)

